NFC/app/build/outputs/logs/manifest-merger-debug-report.txt
-- Merging decision tree log ---
manifest
ADDED from AndroidManifest.xml:2:1
	xmlns:android
		ADDED from AndroidManifest.xml:2:11
	package
		ADDED from AndroidManifest.xml:3:5
		INJECTED from AndroidManifest.xml:0:0
		INJECTED from AndroidManifest.xml:0:0
	android:versionName
		ADDED from AndroidManifest.xml:5:5
	android:versionCode
		ADDED from AndroidManifest.xml:4:5
		INJECTED from AndroidManifest.xml:0:0
		INJECTED from AndroidManifest.xml:0:0
uses-sdk
ADDED from AndroidManifest.xml:7:5
	android:targetSdkVersion
		ADDED from AndroidManifest.xml:9:9
		INJECTED from AndroidManifest.xml:0:0
		INJECTED from AndroidManifest.xml:0:0
	android:minSdkVersion
		ADDED from AndroidManifest.xml:8:9
		INJECTED from AndroidManifest.xml:0:0
		INJECTED from AndroidManifest.xml:0:0
uses-permission#android.permission.RECORD_AUDIO
ADDED from AndroidManifest.xml:11:5
	android:name
		ADDED from AndroidManifest.xml:11:22
application
ADDED from AndroidManifest.xml:12:5
	android:label
		ADDED from AndroidManifest.xml:15:9
	android:allowBackup
		ADDED from AndroidManifest.xml:13:9
	android:icon
		ADDED from AndroidManifest.xml:14:9
activity#sandra.examples.asr.nfc.MainActivity
ADDED from AndroidManifest.xml:16:9
	android:label
		ADDED from AndroidManifest.xml:18:17
	android:name
		ADDED from AndroidManifest.xml:17:17
intent-filter#android.intent.action.MAIN+android.intent.category.LAUNCHER
ADDED from AndroidManifest.xml:19:17
action#android.intent.action.MAIN
ADDED from AndroidManifest.xml:20:21
	android:name
		ADDED from AndroidManifest.xml:20:29
category#android.intent.category.LAUNCHER
ADDED from AndroidManifest.xml:21:21
	android:name
		ADDED from AndroidManifest.xml:21:31
intent-filter#android.nfc.action.TECH_DISCOVERED
ADDED from AndroidManifest.xml:24:17
action#android.nfc.action.TECH_DISCOVERED
ADDED from AndroidManifest.xml:25:21
	android:name
		ADDED from AndroidManifest.xml:25:29
meta-data#android.nfc.action.TECH_DISCOVERED
ADDED from AndroidManifest.xml:28:17
	android:resource
		ADDED from AndroidManifest.xml:30:21
	android:name
		ADDED from AndroidManifest.xml:29:21
uses-permission#android.permission.NFC
ADDED from AndroidManifest.xml:36:5
	android:name
		ADDED from AndroidManifest.xml:36:22
uses-feature#android.hardware.nfc
ADDED from AndroidManifest.xml:37:5
	android:required
		ADDED from AndroidManifest.xml:39:5
	android:name
		ADDED from AndroidManifest.xml:38:5